<?xml version="1.0" encoding="utf-8"?><testsuites name="pytest tests"><testsuite name="pytest" errors="0" failures="0" skipped="193" tests="705" time="15.236" timestamp="2026-05-01T20:33:37.480361+02:00" hostname="Goliath"><testcase classname="tests.test_vm_creation.TestVMCreation" name="test_create_vm_named_args" time="2.209" /><testcase classname="tests.test_vm_creation.TestVMCreation" name="test_create_vm_positional_args" time="1.823" /><testcase classname="tests.test_gold_push_part2.TestDevicesPart1" name="test_devices_mixin_class" time="0.003" /><testcase classname="tests.test_gold_push_part2.TestDevicesPart2" name="test_devices_module_functions" time="0.002" /><testcase classname="tests.test_gold_push_part2.TestMCPToolsComplete" name="test_mcp_tools_all" time="0.006" /><testcase classname="tests.test_gold_push_part2.TestDevicesPart3" name="test_devices_all_imports" time="0.003" /><testcase classname="tests.test_gold_push_part2.TestSandboxToolsPart1" name="test_sandbox_tools_classes" time="0.002" /><testcase classname="tests.test_gold_push_part2.TestSandboxToolsPart2" name="test_sandbox_tools_functions" time="0.002" /><testcase classname="tests.test_gold_push_part2.TestAPIDocumentationComplete" name="test_api_docs_module" time="0.009" /><testcase classname="tests.test_gold_push_part2.TestBackupToolsComplete" name="test_backup_module_all" time="0.002" /><testcase classname="tests.test_gold_push_part2.TestVMServicePart3" name="test_vm_service_all_imports" time="0.002" /><testcase classname="tests.test_gold_push_part2.TestVMServicePart1" name="test_vm_service_class_exists" time="0.002" /><testcase classname="tests.test_gold_push_part2.TestVMServicePart2" name="test_vm_service_module_constants" time="0.003" /><testcase classname="tests.test_quick_coverage_boost.TestVMServiceQuick" name="test_vm_service_class" time="0.002" /><testcase classname="tests.test_quick_coverage_boost.TestVMServiceQuick" name="test_vm_service_init" time="0.002" /><testcase classname="tests.test_quick_coverage_boost.TestQuickExecution" name="test_config_constants" time="0.002" /><testcase classname="tests.test_quick_coverage_boost.TestQuickExecution" name="test_async_wrapper_functions" time="0.046" /><testcase classname="tests.test_quick_coverage_boost.TestQuickExecution" name="test_exceptions_types" time="0.002" /><testcase classname="tests.test_quick_coverage_boost.TestVBoxModules" name="test_vbox_compat_import" time="0.003" /><testcase classname="tests.test_quick_coverage_boost.TestVBoxModules" name="test_vbox_manager_import" time="0.003" /><testcase classname="tests.test_quick_coverage_boost.TestVBoxModules" name="test_vbox_compat_adapter_import" time="0.002" /><testcase classname="tests.test_quick_coverage_boost.TestMainModules" name="test_main_module_import" time="0.005" /><testcase classname="tests.test_quick_coverage_boost.TestMainModules" name="test_all_tools_server_import" time="0.065" /><testcase classname="tests.test_quick_coverage_boost.TestMainModules" name="test_main_entry_point_import" time="0.004" /><testcase classname="tests.test_quick_coverage_boost.TestToolsExecution" name="test_dev_tools_functions" time="0.004" /><testcase classname="tests.test_quick_coverage_boost.TestToolsExecution" name="test_example_tools_functions" time="0.003" /><testcase classname="tests.test_quick_coverage_boost.TestToolsExecution" name="test_help_tool_functions" time="0.004" /><testcase classname="tests.test_quick_coverage_boost.TestServiceModules" name="test_service_manager_import" time="0.002" /><testcase classname="tests.test_quick_coverage_boost.TestServiceModules" name="test_vm_service_import" time="0.002" /><testcase classname="tests.test_quick_coverage_boost.TestVBoxManagerQuick" name="test_vbox_manager_class" time="0.002" /><testcase classname="tests.test_quick_coverage_boost.TestVBoxManagerQuick" name="test_vbox_manager_run_command" time="0.016" /><testcase classname="tests.test_quick_coverage_boost.TestUtilityModules" name="test_async_wrapper_import" time="0.002" /><testcase classname="tests.test_quick_coverage_boost.TestUtilityModules" name="test_exceptions_import" time="0.002" /><testcase classname="tests.test_quick_coverage_boost.TestUtilityModules" name="test_config_import" time="0.002" /><testcase classname="tests.test_quick_coverage_boost.TestToolsModules" name="test_dev_tools_import" time="0.002" /><testcase classname="tests.test_quick_coverage_boost.TestToolsModules" name="test_mcp_tools_import" time="0.002" /><testcase classname="tests.test_quick_coverage_boost.TestToolsModules" name="test_help_tool_import" time="0.002" /><testcase classname="tests.test_quick_coverage_boost.TestToolsModules" name="test_example_tools_import" time="0.002" /><testcase classname="tests.test_quick_coverage_boost.TestModuleImports" name="test_all_imports_execute" time="0.002" /><testcase classname="tests.test_gold_push_part1.TestVMServiceMassiveExecution" name="test_vm_service_imports" time="0.002" /><testcase classname="tests.test_gold_push_part1.TestPortmanteauCompleteExecution" name="test_network_management_all_actions[asyncio]" time="0.007" /><testcase classname="tests.test_gold_push_part1.TestPortmanteauCompleteExecution" name="test_system_management_all_actions[asyncio]" time="0.004" /><testcase classname="tests.test_gold_push_part1.TestPortmanteauCompleteExecution" name="test_vm_management_all_actions[asyncio]" time="0.001"><skipped type="pytest.skip" message="Test patches non-existent functions like info_vm - actual functions have different names">D:\Dev\repos\virtualization-mcp\tests\test_gold_push_part1.py:201: Test patches non-existent functions like info_vm - actual functions have different names</skipped></testcase><testcase classname="tests.test_gold_push_part1.TestPortmanteauCompleteExecution" name="test_snapshot_management_all_actions[asyncio]" time="0.012" /><testcase classname="tests.test_gold_push_part1.TestPortmanteauCompleteExecution" name="test_storage_management_all_actions[asyncio]" time="0.004" /><testcase classname="tests.test_templates.TestVMTemplateMixin" name="test_deploy_from_template[asyncio]" time="0.015"><skipped type="pytest.skip" message="Template not found - expected in minimal test environment">D:\Dev\repos\virtualization-mcp\tests\test_templates.py:115: Template not found - expected in minimal test environment</skipped></testcase><testcase classname="tests.test_final_50_percent_push.TestAllToolsServerComplete" name="test_register_all_tools_execution[asyncio]" time="0.001"><skipped type="pytest.skip" message="Requires full service manager initialization - tested in integration tests">D:\Dev\repos\virtualization-mcp\tests\test_final_50_percent_push.py:156: Requires full service manager initialization - tested in integration tests</skipped></testcase><testcase classname="tests.test_portmanteau_vm_management.TestVMManagementPortmanteau" name="test_create_vm_action_success[asyncio]" time="0.006" /><testcase classname="tests.test_portmanteau_vm_management.TestVMManagementPortmanteau" name="test_clone_vm_action_success[asyncio]" time="0.005" /><testcase classname="tests.test_portmanteau_vm_management.TestVMManagementPortmanteau" name="test_clone_vm_action_missing_new_vm_name[asyncio]" time="0.004" /><testcase classname="tests.test_portmanteau_vm_management.TestVMManagementPortmanteau" name="test_exception_handling[asyncio]" time="0.005" /><testcase classname="tests.test_portmanteau_vm_management.TestVMManagementPortmanteau" name="test_create_vm_action_missing_os_type[asyncio]" time="0.005" /><testcase classname="tests.test_portmanteau_vm_management.TestVMManagementPortmanteau" name="test_clone_vm_action_missing_source_vm[asyncio]" time="0.007" /><testcase classname="tests.test_portmanteau_vm_management.TestVMManagementPortmanteau" name="test_all_actions_require_vm_name_except_list[asyncio]" time="0.006" /><testcase classname="tests.test_portmanteau_vm_management.TestVMManagementPortmanteau" name="test_get_vm_info_action_success[asyncio]" time="0.005" /><testcase classname="tests.test_portmanteau_vm_management.TestVMManagementPortmanteau" name="test_stop_vm_action_success[asyncio]" time="0.006" /><testcase classname="tests.test_portmanteau_vm_management.TestVMManagementPortmanteau" name="test_resume_vm_action_success[asyncio]" time="0.005" /><testcase classname="tests.test_portmanteau_vm_management.TestVMManagementPortmanteau" name="test_pause_vm_action_success[asyncio]" time="0.007" /><testcase classname="tests.test_portmanteau_vm_management.TestVMManagementPortmanteau" name="test_get_vm_info_action_missing_vm_name[asyncio]" time="0.005" /><testcase classname="tests.test_portmanteau_vm_management.TestVMManagementPortmanteau" name="test_list_vms_action[asyncio]" time="0.005" /><testcase classname="tests.test_portmanteau_vm_management.TestVMManagementPortmanteau" name="test_start_vm_action_missing_vm_name[asyncio]" time="0.005" /><testcase classname="tests.test_portmanteau_vm_management.TestVMManagementPortmanteau" name="test_list_vms_action_error[asyncio]" time="0.005" /><testcase classname="tests.test_portmanteau_vm_management.TestVMManagementPortmanteau" name="test_invalid_action[asyncio]" time="0.006" /><testcase classname="tests.test_portmanteau_vm_management.TestVMManagementPortmanteau" name="test_start_vm_action_success[asyncio]" time="0.005" /><testcase classname="tests.test_portmanteau_vm_management.TestVMManagementPortmanteau" name="test_create_vm_action_error[asyncio]" time="0.006" /><testcase classname="tests.test_portmanteau_vm_management.TestVMManagementPortmanteau" name="test_kwargs_passthrough[asyncio]" time="0.001"><skipped type="pytest.skip" message="Portmanteau tools have specific params, don't accept arbitrary kwargs">D:\Dev\repos\virtualization-mcp\tests\test_portmanteau_vm_management.py:411: Portmanteau tools have specific params, don't accept arbitrary kwargs</skipped></testcase><testcase classname="tests.test_portmanteau_vm_management.TestVMManagementPortmanteau" name="test_reset_vm_action_success[asyncio]" time="0.006" /><testcase classname="tests.test_portmanteau_vm_management.TestVMManagementPortmanteau" name="test_delete_vm_action_success[asyncio]" time="0.007" /><testcase classname="tests.test_portmanteau_vm_management.TestVMManagementPortmanteau" name="test_create_vm_action_missing_vm_name[asyncio]" time="0.005" /><testcase classname="tests.test_intensive_coverage.TestPortmanteauInternals" name="test_vm_management_error_handling[asyncio]" time="0.006" /><testcase classname="tests.test_intensive_coverage.TestPortmanteauInternals" name="test_vm_management_create_path[asyncio]" time="0.006" /><testcase classname="tests.test_intensive_coverage.TestPortmanteauInternals" name="test_vm_management_missing_params[asyncio]" time="0.005" /><testcase classname="tests.test_intensive_coverage.TestSnapshotManagementInternals" name="test_snapshot_management_list_action[asyncio]" time="0.007" /><testcase classname="tests.test_intensive_coverage.TestStorageManagementInternals" name="test_storage_management_list_action[asyncio]" time="0.005" /><testcase classname="tests.test_intensive_coverage.TestStorageManagementInternals" name="test_storage_management_invalid_action[asyncio]" time="0.004" /><testcase classname="tests.test_intensive_coverage.TestSystemManagementInternals" name="test_system_management_info_action[asyncio]" time="0.005" /><testcase classname="tests.test_execution_coverage.TestPortmanteauExecution" name="test_storage_management_list_action[asyncio]" time="0.005" /><testcase classname="tests.test_execution_coverage.TestPortmanteauExecution" name="test_snapshot_management_list_action[asyncio]" time="0.005" /><testcase classname="tests.test_execution_coverage.TestPortmanteauExecution" name="test_vm_management_list_action[asyncio]" time="0.005" /><testcase classname="tests.test_execution_coverage.TestPortmanteauExecution" name="test_system_management_info_action[asyncio]" time="0.004" /><testcase classname="tests.test_execution_coverage.TestSystemToolsExecution" name="test_get_system_info_execution[asyncio]" time="0.009" /><testcase classname="tests.test_auto_generated.Test_system_tools_Generated" name="test_list_extpacks_execution[asyncio]" time="0.011" /><testcase classname="tests.test_auto_generated.Test_system_tools_Generated" name="test_get_system_info_execution[asyncio]" time="0.009" /><testcase classname="tests.test_auto_generated.Test_system_tools_Generated" name="test_list_ostypes_execution[asyncio]" time="0.011" /><testcase classname="tests.test_auto_generated.Test_system_tools_Generated" name="test_get_host_info_execution[asyncio]" time="0.012" /><testcase classname="tests.test_auto_generated.Test_system_tools_Generated" name="test_get_vbox_info_execution[asyncio]" time="0.012" /><testcase classname="tests.test_auto_generated.Test_system_tools_Generated" name="test_check_vbox_installation_execution[asyncio]" time="0.009" /><testcase classname="tests.test_auto_generated.Test_storage_tools_Generated" name="test_attach_disk_execution[asyncio]" time="0.006" /><testcase classname="tests.test_auto_generated.Test_storage_tools_Generated" name="test_resize_disk_execution[asyncio]" time="0.009" /><testcase classname="tests.test_auto_generated.Test_storage_tools_Generated" name="test_create_disk_execution[asyncio]" time="0.005" /><testcase classname="tests.test_auto_generated.Test_storage_tools_Generated" name="test_list_storage_controllers_execution[asyncio]" time="0.010" /><testcase classname="tests.test_auto_generated.Test_storage_tools_Generated" name="test_remove_storage_controller_execution[asyncio]" time="0.010" /><testcase classname="tests.test_auto_generated.Test_storage_tools_Generated" name="test_mount_iso_execution[asyncio]" time="0.008" /><testcase classname="tests.test_auto_generated.Test_storage_tools_Generated" name="test_delete_disk_execution[asyncio]" time="0.008" /><testcase classname="tests.test_auto_generated.Test_storage_tools_Generated" name="test_list_disks_execution[asyncio]" time="0.008" /><testcase classname="tests.test_auto_generated.Test_storage_tools_Generated" name="test_clone_disk_execution[asyncio]" time="0.005" /><testcase classname="tests.test_auto_generated.Test_storage_tools_Generated" name="test_detach_disk_execution[asyncio]" time="0.017" /><testcase classname="tests.test_auto_generated.Test_storage_tools_Generated" name="test_get_disk_info_execution[asyncio]" time="0.008" /><testcase classname="tests.test_auto_generated.Test_storage_tools_Generated" name="test_unmount_iso_execution[asyncio]" time="0.016" /><testcase classname="tests.test_auto_generated.Test_storage_tools_Generated" name="test_create_storage_controller_execution[asyncio]" time="0.004" /><testcase classname="tests.test_auto_generated.Test_vm_tools_Generated" name="test_start_vm_execution[asyncio]" time="0.004" /><testcase classname="tests.test_auto_generated.Test_vm_tools_Generated" name="test_stop_vm_execution[asyncio]" time="0.013" /><testcase classname="tests.test_auto_generated.Test_vm_tools_Generated" name="test_pause_vm_execution[asyncio]" time="0.014" /><testcase classname="tests.test_auto_generated.Test_vm_tools_Generated" name="test_get_vm_info_execution[asyncio]" time="0.013" /><testcase classname="tests.test_auto_generated.Test_vm_tools_Generated" name="test_create_vm_execution[asyncio]" time="0.005" /><testcase classname="tests.test_auto_generated.Test_vm_tools_Generated" name="test_delete_vm_execution[asyncio]" time="0.018" /><testcase classname="tests.test_auto_generated.Test_vm_tools_Generated" name="test_reset_vm_execution[asyncio]" time="0.005" /><testcase classname="tests.test_auto_generated.Test_vm_tools_Generated" name="test_modify_vm_execution[asyncio]" time="0.005" /><testcase classname="tests.test_auto_generated.Test_vm_tools_Generated" name="test_resume_vm_execution[asyncio]" time="0.014" /><testcase classname="tests.test_auto_generated.Test_vm_tools_Generated" name="test_clone_vm_execution[asyncio]" time="0.007" /><testcase classname="tests.test_auto_generated.Test_vm_tools_Generated" name="test_list_vms_execution[asyncio]" time="0.017" /><testcase classname="tests.test_auto_generated.Test_snapshot_tools_Generated" name="test_delete_snapshot_execution[asyncio]" time="0.013" /><testcase classname="tests.test_auto_generated.Test_snapshot_tools_Generated" name="test_list_snapshots_execution[asyncio]" time="0.013" /><testcase classname="tests.test_auto_generated.Test_snapshot_tools_Generated" name="test_get_snapshot_info_execution[asyncio]" time="0.016" /><testcase classname="tests.test_auto_generated.Test_snapshot_tools_Generated" name="test_create_snapshot_execution[asyncio]" time="0.013" /><testcase classname="tests.test_auto_generated.Test_snapshot_tools_Generated" name="test_restore_snapshot_execution[asyncio]" time="0.011" /><testcase classname="tests.test_auto_generated.Test_snapshot_tools_Generated" name="test_restore_current_snapshot_execution[asyncio]" time="0.014" /><testcase classname="tests.test_massive_coverage_boost.TestDevicesComprehensive" name="test_devices_mixin_network_adapter[asyncio]" time="0.465" /><testcase classname="tests.test_portmanteau_network_management.TestNetworkManagementPortmanteau" name="test_remove_network_action_missing_network_name[asyncio]" time="0.005" /><testcase classname="tests.test_portmanteau_network_management.TestNetworkManagementPortmanteau" name="test_list_networks_action_success[asyncio]" time="0.009" /><testcase classname="tests.test_portmanteau_network_management.TestNetworkManagementPortmanteau" name="test_kwargs_passthrough[asyncio]" time="0.001"><skipped type="pytest.skip" message="Portmanteau tools have specific params, don't accept arbitrary kwargs">D:\Dev\repos\virtualization-mcp\tests\test_portmanteau_network_management.py:298: Portmanteau tools have specific params, don't accept arbitrary kwargs</skipped></testcase><testcase classname="tests.test_portmanteau_network_management.TestNetworkManagementPortmanteau" name="test_create_network_action_success[asyncio]" time="0.006" /><testcase classname="tests.test_portmanteau_network_management.TestNetworkManagementPortmanteau" name="test_exception_handling[asyncio]" time="0.006" /><testcase classname="tests.test_portmanteau_network_management.TestNetworkManagementPortmanteau" name="test_all_network_actions[asyncio]" time="0.111" /><testcase classname="tests.test_portmanteau_network_management.TestNetworkManagementPortmanteau" name="test_remove_network_action_success[asyncio]" time="0.006" /><testcase classname="tests.test_portmanteau_network_management.TestNetworkManagementPortmanteau" name="test_configure_adapter_action_missing_network_type[asyncio]" time="0.006" /><testcase classname="tests.test_portmanteau_network_management.TestNetworkManagementPortmanteau" name="test_list_adapters_action_success[asyncio]" time="0.006" /><testcase classname="tests.test_portmanteau_network_management.TestNetworkManagementPortmanteau" name="test_create_network_action_missing_network_name[asyncio]" time="0.006" /><testcase classname="tests.test_portmanteau_network_management.TestNetworkManagementPortmanteau" name="test_configure_adapter_action_missing_vm_name[asyncio]" time="0.006" /><testcase classname="tests.test_portmanteau_network_management.TestNetworkManagementPortmanteau" name="test_invalid_action[asyncio]" time="0.005" /><testcase classname="tests.test_portmanteau_network_management.TestNetworkManagementPortmanteau" name="test_configure_adapter_action_missing_adapter_slot[asyncio]" time="0.006" /><testcase classname="tests.test_portmanteau_network_management.TestNetworkManagementPortmanteau" name="test_list_adapters_action_missing_vm_name[asyncio]" time="0.005" /><testcase classname="tests.test_portmanteau_network_management.TestNetworkManagementPortmanteau" name="test_configure_adapter_action_success[asyncio]" time="0.007" /><testcase classname="tests.test_portmanteau_network_management.TestNetworkManagementPortmanteau" name="test_list_networks_action_error[asyncio]" time="0.006" /><testcase classname="tests.test_portmanteau_network_management.TestNetworkManagementPortmanteau" name="test_network_management_error_scenarios[asyncio]" time="0.007" /><testcase classname="tests.test_coverage_boost_json_monitoring.TestSecurityTestingTools" name="test_analyze_vm_configuration[asyncio]" time="0.005"><skipped type="pytest.skip" message="analyze_vm_configuration not available">D:\Dev\repos\virtualization-mcp\tests\test_coverage_boost_json_monitoring.py:277: analyze_vm_configuration not available</skipped></testcase><testcase classname="tests.test_coverage_boost_json_monitoring.TestSecurityTestingTools" name="test_check_vm_vulnerabilities[asyncio]" time="0.005"><skipped type="pytest.skip" message="check_vm_vulnerabilities not available">D:\Dev\repos\virtualization-mcp\tests\test_coverage_boost_json_monitoring.py:264: check_vm_vulnerabilities not available</skipped></testcase><testcase classname="tests.test_coverage_boost_json_monitoring.TestSecurityTestingTools" name="test_run_security_scan[asyncio]" time="0.007" /><testcase classname="tests.test_coverage_boost_json_monitoring.TestMonitoringTools" name="test_stop_monitoring_execution[asyncio]" time="0.006"><skipped type="pytest.skip" message="stop_monitoring not fully available">D:\Dev\repos\virtualization-mcp\tests\test_coverage_boost_json_monitoring.py:197: stop_monitoring not fully available</skipped></testcase><testcase classname="tests.test_coverage_boost_json_monitoring.TestMonitoringTools" name="test_start_monitoring_execution[asyncio]" time="0.004"><skipped type="pytest.skip" message="start_monitoring not fully available">D:\Dev\repos\virtualization-mcp\tests\test_coverage_boost_json_monitoring.py:184: start_monitoring not fully available</skipped></testcase><testcase classname="tests.test_coverage_boost_json_monitoring.TestMonitoringTools" name="test_get_monitoring_status_execution[asyncio]" time="0.004"><skipped type="pytest.skip" message="get_monitoring_status not fully available">D:\Dev\repos\virtualization-mcp\tests\test_coverage_boost_json_monitoring.py:210: get_monitoring_status not fully available</skipped></testcase><testcase classname="tests.integration.test_vm_lifecycle_integration.TestVMLifecycleIntegration" name="test_snapshot_workflow[asyncio]" time="0.005" /><testcase classname="tests.integration.test_vm_lifecycle_integration.TestVMLifecycleIntegration" name="test_create_start_stop_delete_workflow[asyncio]" time="0.007" /><testcase classname="tests.integration.test_vm_lifecycle_integration.TestPortmanteauIntegration" name="test_vm_management_full_workflow[asyncio]" time="0.007" /><testcase classname="tests.test_all_vm_tools.TestStorageToolsComprehensive" name="test_list_storage_controllers_with_mock[asyncio]" time="0.006" /><testcase classname="tests.test_all_vm_tools.TestSnapshotToolsComprehensive" name="test_create_snapshot_with_mock[asyncio]" time="0.006" /><testcase classname="tests.test_all_vm_tools.TestSnapshotToolsComprehensive" name="test_delete_snapshot_with_mock[asyncio]" time="0.007" /><testcase classname="tests.test_all_vm_tools.TestSnapshotToolsComprehensive" name="test_restore_snapshot_with_mock[asyncio]" time="0.005" /><testcase classname="tests.test_all_vm_tools.TestSnapshotToolsComprehensive" name="test_list_snapshots_with_mock[asyncio]" time="0.008" /><testcase classname="tests.test_all_vm_tools.TestVMToolsComprehensive" name="test_resume_vm_with_mock[asyncio]" time="0.005" /><testcase classname="tests.test_all_vm_tools.TestVMToolsComprehensive" name="test_start_vm_with_mock[asyncio]" time="0.005" /><testcase classname="tests.test_all_vm_tools.TestVMToolsComprehensive" name="test_reset_vm_with_mock[asyncio]" time="0.005" /><testcase classname="tests.test_all_vm_tools.TestVMToolsComprehensive" name="test_get_vm_info_with_mock[asyncio]" time="0.005" /><testcase classname="tests.test_all_vm_tools.TestVMToolsComprehensive" name="test_pause_vm_with_mock[asyncio]" time="0.005" /><testcase classname="tests.test_all_vm_tools.TestVMToolsComprehensive" name="test_clone_vm_with_mock[asyncio]" time="0.006" /><testcase classname="tests.test_all_vm_tools.TestVMToolsComprehensive" name="test_create_vm_with_mock[asyncio]" time="0.008" /><testcase classname="tests.test_all_vm_tools.TestVMToolsComprehensive" name="test_delete_vm_with_mock[asyncio]" time="0.006" /><testcase classname="tests.test_all_vm_tools.TestVMToolsComprehensive" name="test_stop_vm_with_mock[asyncio]" time="0.005" /><testcase classname="tests.test_all_vm_tools.TestVMToolsComprehensive" name="test_list_vms_with_mock[asyncio]" time="0.006" /><testcase classname="tests.test_all_vm_tools.TestSystemToolsComprehensive" name="test_get_system_info_execution[asyncio]" time="0.014" /><testcase classname="tests.test_all_vm_tools.TestSystemToolsComprehensive" name="test_get_vbox_version_with_mock[asyncio]" time="0.006" /><testcase classname="tests.test_all_vm_tools.TestSystemToolsComprehensive" name="test_list_os_types_with_mock[asyncio]" time="0.006" /><testcase classname="tests.test_function_execution_mega.TestAllToolsServerFunctionExecution" name="test_main_async_execution[asyncio]" time="0.001"><skipped type="pytest.skip" message="all_tools_server no longer exports main_async (stdio entry is main())">D:\Dev\repos\virtualization-mcp\tests\test_function_execution_mega.py:39: all_tools_server no longer exports main_async (stdio entry is main())</skipped></testcase><testcase classname="tests.test_gold_push_part1.TestSandboxToolsExecution" name="test_sandbox_tools_initialization" time="0.002" /><testcase classname="tests.test_gold_push_part1.TestAPIDocumentationExecution" name="test_api_documentation_functions" time="0.002" /><testcase classname="tests.test_gold_push_part1.TestBackupToolsExecution" name="test_backup_tools_all_imports" time="0.002" /><testcase classname="tests.test_gold_push_part1.TestVBoxManagerComprehensive" name="test_vbox_manager_all_methods" time="0.001"><skipped type="pytest.skip" message="Test checks for pause_vm/resume_vm which aren't in VBoxManager - tested elsewhere">D:\Dev\repos\virtualization-mcp\tests\test_gold_push_part1.py:141: Test checks for pause_vm/resume_vm which aren't in VBoxManager - tested elsewhere</skipped></testcase><testcase classname="tests.test_gold_push_part1.TestDevicesServiceMassiveExecution" name="test_devices_module_loading" time="0.002" /><testcase classname="tests.test_gold_push_part1.TestAllToolsServerExecution" name="test_start_mcp_server_import" time="0.002" /><testcase classname="tests.test_gold_push_part1.TestAllToolsServerExecution" name="test_main_function_execution" time="0.003" /><testcase classname="tests.test_gold_push_part1.TestMCPToolsExecution" name="test_mcp_tools_all_functions" time="0.002" /><testcase classname="tests.test_gold_push_part1.TestNetworkServiceComplete" name="test_network_utils_functions" time="0.004" /><testcase classname="tests.test_gold_push_part1.TestNetworkServiceComplete" name="test_network_forwarding_functions" time="0.002" /><testcase classname="tests.test_gold_push_part1.TestNetworkServiceComplete" name="test_network_types_enum" time="0.003" /><testcase classname="tests.test_gold_push_part1.TestNetworkServiceComplete" name="test_network_service_functions" time="0.002" /><testcase classname="tests.test_gold_push_part1.TestNetworkServiceComplete" name="test_network_adapters_functions" time="0.002" /><testcase classname="tests.test_lifecycle.TestVMLifecycleMixin" name="test_parse_vm_state[Saved-Saved]" time="0.005"><skipped type="pytest.skip" message="_parse_vm_state not implemented">D:\Dev\repos\virtualization-mcp\tests\test_lifecycle.py:62: _parse_vm_state not implemented</skipped></testcase><testcase classname="tests.test_lifecycle.TestVMLifecycleMixin" name="test_parse_vm_state[Unknown-Unknown]" time="0.005"><skipped type="pytest.skip" message="_parse_vm_state not implemented">D:\Dev\repos\virtualization-mcp\tests\test_lifecycle.py:62: _parse_vm_state not implemented</skipped></testcase><testcase classname="tests.test_lifecycle.TestVMLifecycleMixin" name="test_parse_vm_state[Paused-Paused]" time="0.006"><skipped type="pytest.skip" message="_parse_vm_state not implemented">D:\Dev\repos\virtualization-mcp\tests\test_lifecycle.py:62: _parse_vm_state not implemented</skipped></testcase><testcase classname="tests.test_lifecycle.TestVMLifecycleMixin" name="test_stop_vm" time="0.005" /><testcase classname="tests.test_lifecycle.TestVMLifecycleMixin" name="test_parse_vm_state[Running-Running]" time="0.005"><skipped type="pytest.skip" message="_parse_vm_state not implemented">D:\Dev\repos\virtualization-mcp\tests\test_lifecycle.py:62: _parse_vm_state not implemented</skipped></testcase><testcase classname="tests.test_lifecycle.TestVMLifecycleMixin" name="test_list_vms" time="0.005"><skipped type="pytest.skip" message="list_vms return structure varies">D:\Dev\repos\virtualization-mcp\tests\test_lifecycle.py:26: list_vms return structure varies</skipped></testcase><testcase classname="tests.test_lifecycle.TestVMLifecycleMixin" name="test_start_vm" time="0.006" /><testcase classname="tests.test_lifecycle.TestVMLifecycleMixin" name="test_parse_vm_state[PoweredOff-PoweredOff]" time="0.005"><skipped type="pytest.skip" message="_parse_vm_state not implemented">D:\Dev\repos\virtualization-mcp\tests\test_lifecycle.py:62: _parse_vm_state not implemented</skipped></testcase><testcase classname="tests.test_lifecycle.TestVMLifecycleMixin" name="test_create_snapshot" time="0.004"><skipped type="pytest.skip" message="create_snapshot not implemented">D:\Dev\repos\virtualization-mcp\tests\test_lifecycle.py:66: create_snapshot not implemented</skipped></testcase><testcase classname="tests.test_lifecycle.TestVMLifecycleMixin" name="test_get_vm_state" time="0.004"><skipped type="pytest.skip" message="get_vm_state not implemented">D:\Dev\repos\virtualization-mcp\tests\test_lifecycle.py:48: get_vm_state not implemented</skipped></testcase><testcase classname="tests.test_networking.TestNetworkTypes" name="test_network_adapter_config_validation" time="0.003" /><testcase classname="tests.test_networking.TestVMNetworkingService" name="test_get_network_metrics" time="0.005"><skipped type="pytest.skip" message="get_network_metrics not on VMNetworkingService">D:\Dev\repos\virtualization-mcp\tests\test_networking.py:42: get_network_metrics not on VMNetworkingService</skipped></testcase><testcase classname="tests.test_networking.TestVMNetworkingService" name="test_configure_network_adapter" time="0.004"><skipped type="pytest.skip" message="configure_network_adapter not on VMNetworkingService">D:\Dev\repos\virtualization-mcp\tests\test_networking.py:30: configure_network_adapter not on VMNetworkingService</skipped></testcase><testcase classname="tests.test_networking.TestVMNetworkingService" name="test_list_network_adapters" time="0.006"><skipped type="pytest.skip" message="list_network_adapters not on VMNetworkingService">D:\Dev\repos\virtualization-mcp\tests\test_networking.py:26: list_network_adapters not on VMNetworkingService</skipped></testcase><testcase classname="tests.test_networking.TestVMNetworkingService" name="test_disable_network_adapter" time="0.105"><skipped type="pytest.skip" message="disable_network_adapter not on VMNetworkingService">D:\Dev\repos\virtualization-mcp\tests\test_networking.py:38: disable_network_adapter not on VMNetworkingService</skipped></testcase><testcase classname="tests.test_networking.TestVMNetworkingService" name="test_enable_network_adapter" time="0.006"><skipped type="pytest.skip" message="enable_network_adapter not on VMNetworkingService">D:\Dev\repos\virtualization-mcp\tests\test_networking.py:34: enable_network_adapter not on VMNetworkingService</skipped></testcase><testcase classname="tests.test_server.TestServerInitialization" name="test_server_initialization" time="0.005"><skipped type="pytest.skip" message="Test disabled - main() function doesn't directly instantiate VBoxManager">D:\Dev\repos\virtualization-mcp\tests\test_server.py:86: Test disabled - main() function doesn't directly instantiate VBoxManager</skipped></testcase><testcase classname="tests.test_server.TestTemplateManager" name="test_list_templates" time="0.009" /><testcase classname="tests.test_server.TestMainFunction" name="test_main_function" time="0.004"><skipped type="pytest.skip" message="Test disabled - main() function doesn't directly instantiate VBoxManager or TemplateManager">D:\Dev\repos\virtualization-mcp\tests\test_server.py:171: Test disabled - main() function doesn't directly instantiate VBoxManager or TemplateManager</skipped></testcase><testcase classname="tests.test_server.TestVBoxManager" name="test_list_vms" time="0.003" /><testcase classname="tests.test_server.TestVBoxManager" name="test_get_host_info" time="0.003" /><testcase classname="tests.test_templates.TestVMTemplateMixin" name="test_create_template" time="0.010" /><testcase classname="tests.test_templates.TestVMTemplateMixin" name="test_validate_template" time="0.008" /><testcase classname="tests.test_templates.TestVMTemplateMixin" name="test_delete_template" time="0.007" /><testcase classname="tests.test_templates.TestVMTemplateMixin" name="test_get_template" time="0.006"><skipped type="pytest.skip" message="Template not found - expected in minimal test environment">D:\Dev\repos\virtualization-mcp\tests\test_templates.py:73: Template not found - expected in minimal test environment</skipped></testcase><testcase classname="tests.test_templates.TestVMTemplateMixin" name="test_list_templates" time="0.007" /><testcase classname="tests.test_final_50_percent_push.TestAPIDocumentationComplete" name="test_api_documentation_import" time="0.003" /><testcase classname="tests.test_final_50_percent_push.TestServerV2ServerComplete" name="test_server_v2_server_import" time="0.002"><skipped type="pytest.skip" message="server_v2 import errors">D:\Dev\repos\virtualization-mcp\tests\test_final_50_percent_push.py:28: server_v2 import errors</skipped></testcase><testcase classname="tests.test_final_50_percent_push.TestServerV2ServerComplete" name="test_server_v2_init" time="0.002"><skipped type="pytest.skip" message="server_v2 import errors">D:\Dev\repos\virtualization-mcp\tests\test_final_50_percent_push.py:32: server_v2 import errors</skipped></testcase><testcase classname="tests.test_final_50_percent_push.TestTemplateManagerComplete" name="test_template_manager_get_all_possible" time="0.004" /><testcase classname="tests.test_final_50_percent_push.TestTemplateManagerComplete" name="test_template_manager_init" time="0.003" /><testcase classname="tests.test_final_50_percent_push.TestTemplateManagerComplete" name="test_template_manager_list" time="0.004" /><testcase classname="tests.test_final_50_percent_push.TestMCPToolsComplete" name="test_mcp_tools_register_execution" time="0.001"><skipped type="pytest.skip" message="Requires full service manager initialization - tested in integration tests">D:\Dev\repos\virtualization-mcp\tests\test_final_50_percent_push.py:120: Requires full service manager initialization - tested in integration tests</skipped></testcase><testcase classname="tests.test_final_50_percent_push.TestPluginsInitComplete" name="test_plugins_init_import" time="0.002" /><testcase classname="tests.test_final_50_percent_push.TestServerV2UtilsComplete" name="test_server_v2_utils_import" time="0.008"><skipped type="pytest.skip" message="Utils import issue: No module named 'virtualization_mcp.plugins.plugin_manager'">D:\Dev\repos\virtualization-mcp\tests\test_final_50_percent_push.py:91: Utils import issue: No module named 'virtualization_mcp.plugins.plugin_manager'</skipped></testcase><testcase classname="tests.test_final_50_percent_push.TestServerV2ConfigComplete" name="test_server_v2_config_import" time="0.002"><skipped type="pytest.skip" message="Config import issue: cannot import name 'server_v2' from 'virtualization_mcp' (D:\Dev\repos\virtualization-mcp\tests\..\src\virtualization_mcp\__init__.py)">D:\Dev\repos\virtualization-mcp\tests\test_final_50_percent_push.py:73: Config import issue: cannot import name 'server_v2' from 'virtualization_mcp' (D:\Dev\repos\virtualization-mcp\tests\..\src\virtualization_mcp\__init__.py)</skipped></testcase><testcase classname="tests.test_final_50_percent_push.TestServerV2MainComplete" name="test_server_v2_main_import" time="0.002" /><testcase classname="tests.test_final_50_percent_push.TestMainPyComplete" name="test_parse_arguments_debug" time="0.005" /><testcase classname="tests.test_final_50_percent_push.TestMainPyComplete" name="test_parse_arguments_all_args" time="0.003" /><testcase classname="tests.test_metrics.TestVMMetricsMixin" name="test_get_memory_metrics" time="0.004"><skipped type="pytest.skip" message="get_memory_metrics not implemented">D:\Dev\repos\virtualization-mcp\tests\test_metrics.py:29: get_memory_metrics not implemented</skipped></testcase><testcase classname="tests.test_metrics.TestVMMetricsMixin" name="test_get_disk_metrics" time="0.005"><skipped type="pytest.skip" message="get_disk_metrics not implemented">D:\Dev\repos\virtualization-mcp\tests\test_metrics.py:33: get_disk_metrics not implemented</skipped></testcase><testcase classname="tests.test_metrics.TestVMMetricsMixin" name="test_get_network_metrics" time="0.004"><skipped type="pytest.skip" message="get_network_metrics not implemented">D:\Dev\repos\virtualization-mcp\tests\test_metrics.py:37: get_network_metrics not implemented</skipped></testcase><testcase classname="tests.test_metrics.TestVMMetricsMixin" name="test_get_cpu_metrics" time="0.004"><skipped type="pytest.skip" message="get_cpu_metrics not implemented">D:\Dev\repos\virtualization-mcp\tests\test_metrics.py:25: get_cpu_metrics not implemented</skipped></testcase><testcase classname="tests.test_metrics.TestVMMetricsMixin" name="test_collect_metrics" time="0.004"><skipped type="pytest.skip" message="collect_metrics not implemented">D:\Dev\repos\virtualization-mcp\tests\test_metrics.py:41: collect_metrics not implemented</skipped></testcase><testcase classname="tests.test_gold_push_part3_server_v2.TestServerV2Server" name="test_server_module_all" time="0.002"><skipped type="pytest.skip" message="server_v2 import errors">D:\Dev\repos\virtualization-mcp\tests\test_gold_push_part3_server_v2.py:24: server_v2 import errors</skipped></testcase><testcase classname="tests.test_gold_push_part3_server_v2.TestServerV2Server" name="test_server_class_import" time="0.002"><skipped type="pytest.skip" message="server_v2 import errors">D:\Dev\repos\virtualization-mcp\tests\test_gold_push_part3_server_v2.py:20: server_v2 import errors</skipped></testcase><testcase classname="tests.test_gold_push_part3_server_v2.TestServerV2Config" name="test_config_module" time="0.004"><skipped type="pytest.skip" message="server_v2 import errors">D:\Dev\repos\virtualization-mcp\tests\test_gold_push_part3_server_v2.py:32: server_v2 import errors</skipped></testcase><testcase classname="tests.test_gold_push_part3_server_v2.TestServerV2CoreServer" name="test_core_server_import" time="0.002"><skipped type="pytest.skip" message="server_v2 import errors">D:\Dev\repos\virtualization-mcp\tests\test_gold_push_part3_server_v2.py:56: server_v2 import errors</skipped></testcase><testcase classname="tests.test_gold_push_part3_server_v2.TestServerV2Init" name="test_server_v2_init" time="0.002"><skipped type="pytest.skip" message="server_v2 import errors">D:\Dev\repos\virtualization-mcp\tests\test_gold_push_part3_server_v2.py:48: server_v2 import errors</skipped></testcase><testcase classname="tests.test_gold_push_part3_server_v2.TestServerV2Main" name="test_main_module" time="0.003"><skipped type="pytest.skip" message="server_v2 import errors">D:\Dev\repos\virtualization-mcp\tests\test_gold_push_part3_server_v2.py:40: server_v2 import errors</skipped></testcase><testcase classname="tests.test_portmanteau_vm_management.TestVMManagementPortmanteau" name="test_vm_actions_constant" time="0.003" /><testcase classname="tests.test_portmanteau_vm_management.TestVMManagementPortmanteau" name="test_register_vm_management_tool" time="0.002" /><testcase classname="tests.test_intensive_coverage.TestDevicesMethods" name="test_devices_mixin_init" time="0.449" /><testcase classname="tests.test_intensive_coverage.TestVMServiceMethods" name="test_vm_service_init" time="0.507" /><testcase classname="tests.test_intensive_coverage.TestToolRegistration" name="test_register_all_tools" time="0.003"><skipped type="pytest.skip" message="register_all_tools decorator mocking complex">D:\Dev\repos\virtualization-mcp\tests\test_intensive_coverage.py:353: register_all_tools decorator mocking complex</skipped></testcase><testcase classname="tests.test_intensive_coverage.TestNetworkServiceModules" name="test_adapters_module" time="0.002" /><testcase classname="tests.test_intensive_coverage.TestNetworkServiceModules" name="test_network_types_module" time="0.002" /><testcase classname="tests.test_intensive_coverage.TestNetworkServiceModules" name="test_forwarding_module" time="0.002" /><testcase classname="tests.test_intensive_coverage.TestNetworkServiceModules" name="test_network_utils_module" time="0.002" /><testcase classname="tests.test_intensive_coverage.TestNetworkServiceModules" name="test_network_service_module" time="0.003" /><testcase classname="tests.test_intensive_coverage.TestWindowsSandboxHelper" name="test_sandbox_helper_init" time="0.002" /><testcase classname="tests.test_intensive_coverage.TestWindowsSandboxHelper" name="test_sandbox_config_init" time="0.004" /><testcase classname="tests.test_intensive_coverage.TestVMTypesModule" name="test_types_import" time="0.002" /><testcase classname="tests.test_intensive_coverage.TestVMTypesModule" name="test_storage_controller_type_values" time="0.003" /><testcase classname="tests.test_intensive_coverage.TestPluginSystemModules" name="test_initialize_plugins" time="0.003"><skipped type="pytest.skip" message="Plugin initialization complex - HyperVHelper doesn't exist">D:\Dev\repos\virtualization-mcp\tests\test_intensive_coverage.py:289: Plugin initialization complex - HyperVHelper doesn't exist</skipped></testcase><testcase classname="tests.test_intensive_coverage.TestLifecycleMethods" name="test_lifecycle_mixin_init" time="0.003" /><testcase classname="tests.test_intensive_coverage.TestNetworkManagerMethods" name="test_network_manager_list_networks" time="0.002"><skipped type="pytest.skip" message="NetworkManager requires manager arg">D:\Dev\repos\virtualization-mcp\tests\test_intensive_coverage.py:105: NetworkManager requires manager arg</skipped></testcase><testcase classname="tests.test_intensive_coverage.TestNetworkManagerMethods" name="test_network_manager_init" time="0.002"><skipped type="pytest.skip" message="NetworkManager requires manager arg">D:\Dev\repos\virtualization-mcp\tests\test_intensive_coverage.py:101: NetworkManager requires manager arg</skipped></testcase><testcase classname="tests.test_intensive_coverage.TestMetricsMethods" name="test_metrics_mixin_init" time="0.002" /><testcase classname="tests.test_intensive_coverage.TestVMOperationsMethods" name="test_vm_operations_init" time="0.002"><skipped type="pytest.skip" message="VMOperations requires manager arg">D:\Dev\repos\virtualization-mcp\tests\test_intensive_coverage.py:83: VMOperations requires manager arg</skipped></testcase><testcase classname="tests.test_intensive_coverage.TestVMOperationsMethods" name="test_vm_operations_start" time="0.002"><skipped type="pytest.skip" message="VMOperations requires manager arg">D:\Dev\repos\virtualization-mcp\tests\test_intensive_coverage.py:92: VMOperations requires manager arg</skipped></testcase><testcase classname="tests.test_intensive_coverage.TestVMOperationsMethods" name="test_vm_operations_create" time="0.002"><skipped type="pytest.skip" message="VMOperations requires manager arg">D:\Dev\repos\virtualization-mcp\tests\test_intensive_coverage.py:87: VMOperations requires manager arg</skipped></testcase><testcase classname="tests.test_intensive_coverage.TestTemplateManagerMethods" name="test_template_manager_init" time="0.002" /><testcase classname="tests.test_intensive_coverage.TestTemplateManagerMethods" name="test_template_manager_list" time="0.004" /><testcase classname="tests.test_intensive_coverage.TestTemplateManagerMethods" name="test_template_manager_get" time="0.003" /><testcase classname="tests.test_intensive_coverage.TestVBoxManagerMethods" name="test_vbox_manager_create_vm" time="0.003" /><testcase classname="tests.test_intensive_coverage.TestVBoxManagerMethods" name="test_vbox_manager_list_vms" time="0.003" /><testcase classname="tests.test_intensive_coverage.TestVBoxManagerMethods" name="test_vbox_manager_start_vm" time="0.003" /><testcase classname="tests.test_intensive_coverage.TestVBoxManagerMethods" name="test_vbox_manager_get_vm_info" time="0.003" /><testcase classname="tests.test_intensive_coverage.TestVBoxManagerMethods" name="test_vbox_manager_delete_vm" time="0.003" /><testcase classname="tests.test_intensive_coverage.TestVBoxManagerMethods" name="test_vbox_manager_stop_vm" time="0.003" /><testcase classname="tests.test_intensive_coverage.TestConfigFunctions" name="test_get_logs_dir_execution" time="0.002" /><testcase classname="tests.test_intensive_coverage.TestServerV2PluginModules" name="test_malware_analyzer_plugin" time="0.003"><skipped type="pytest.skip" message="ServerConfig import error">D:\Dev\repos\virtualization-mcp\tests\test_intensive_coverage.py:325: ServerConfig import error</skipped></testcase><testcase classname="tests.test_intensive_coverage.TestServerV2PluginModules" name="test_plugin_manager" time="0.002"><skipped type="pytest.skip" message="ServerConfig import error">D:\Dev\repos\virtualization-mcp\tests\test_intensive_coverage.py:305: ServerConfig import error</skipped></testcase><testcase classname="tests.test_intensive_coverage.TestServerV2PluginModules" name="test_base_module" time="0.002"><skipped type="pytest.skip" message="ServerConfig import error">D:\Dev\repos\virtualization-mcp\tests\test_intensive_coverage.py:301: ServerConfig import error</skipped></testcase><testcase classname="tests.test_intensive_coverage.TestServerV2PluginModules" name="test_ai_security_plugin" time="0.004"><skipped type="pytest.skip" message="ServerConfig import error">D:\Dev\repos\virtualization-mcp\tests\test_intensive_coverage.py:329: ServerConfig import error</skipped></testcase><testcase classname="tests.test_intensive_coverage.TestServerV2PluginModules" name="test_security_plugin" time="0.002"><skipped type="pytest.skip" message="ServerConfig import error">D:\Dev\repos\virtualization-mcp\tests\test_intensive_coverage.py:317: ServerConfig import error</skipped></testcase><testcase classname="tests.test_intensive_coverage.TestServerV2PluginModules" name="test_network_analyzer_plugin" time="0.003"><skipped type="pytest.skip" message="ServerConfig import error">D:\Dev\repos\virtualization-mcp\tests\test_intensive_coverage.py:321: ServerConfig import error</skipped></testcase><testcase classname="tests.test_intensive_coverage.TestServerV2PluginModules" name="test_monitoring_plugin" time="0.003"><skipped type="pytest.skip" message="ServerConfig import error">D:\Dev\repos\virtualization-mcp\tests\test_intensive_coverage.py:313: ServerConfig import error</skipped></testcase><testcase classname="tests.test_intensive_coverage.TestServerV2PluginModules" name="test_backup_plugin" time="0.002"><skipped type="pytest.skip" message="ServerConfig import error">D:\Dev\repos\virtualization-mcp\tests\test_intensive_coverage.py:309: ServerConfig import error</skipped></testcase><testcase classname="tests.test_intensive_coverage.TestServerV2PluginModules" name="test_example_plugin" time="0.003"><skipped type="pytest.skip" message="ServerConfig import error">D:\Dev\repos\virtualization-mcp\tests\test_intensive_coverage.py:337: ServerConfig import error</skipped></testcase><testcase classname="tests.test_intensive_coverage.TestServerV2PluginModules" name="test_hyperv_manager_plugin" time="0.003"><skipped type="pytest.skip" message="ServerConfig import error">D:\Dev\repos\virtualization-mcp\tests\test_intensive_coverage.py:341: ServerConfig import error</skipped></testcase><testcase classname="tests.test_intensive_coverage.TestServerV2PluginModules" name="test_base_plugin" time="0.003"><skipped type="pytest.skip" message="ServerConfig import error">D:\Dev\repos\virtualization-mcp\tests\test_intensive_coverage.py:297: ServerConfig import error</skipped></testcase><testcase classname="tests.test_intensive_coverage.TestServerV2PluginModules" name="test_documentation_plugin" time="0.002"><skipped type="pytest.skip" message="ServerConfig import error">D:\Dev\repos\virtualization-mcp\tests\test_intensive_coverage.py:333: ServerConfig import error</skipped></testcase><testcase classname="tests.test_intensive_coverage.TestServerV2PluginModules" name="test_windows_sandbox_plugin" time="0.002"><skipped type="pytest.skip" message="ServerConfig import error">D:\Dev\repos\virtualization-mcp\tests\test_intensive_coverage.py:345: ServerConfig import error</skipped></testcase><testcase classname="tests.test_intensive_coverage.TestServiceManagerMethods" name="test_service_manager_register" time="0.002"><skipped type="pytest.skip" message="register_service not implemented">D:\Dev\repos\virtualization-mcp\tests\test_intensive_coverage.py:120: register_service not implemented</skipped></testcase><testcase classname="tests.test_intensive_coverage.TestServiceManagerMethods" name="test_service_manager_init" time="0.005" /><testcase classname="tests.test_intensive_coverage.TestAllToolModuleInits" name="test_backup_tools_init" time="0.002" /><testcase classname="tests.test_intensive_coverage.TestAllToolModuleInits" name="test_monitoring_tools_init" time="0.002" /><testcase classname="tests.test_intensive_coverage.TestAllToolModuleInits" name="test_network_tools_init" time="0.002" /><testcase classname="tests.test_intensive_coverage.TestAllToolModuleInits" name="test_dev_tools_init" time="0.003" /><testcase classname="tests.test_intensive_coverage.TestAllToolModuleInits" name="test_snapshot_tools_init" time="0.002" /><testcase classname="tests.test_intensive_coverage.TestAllToolModuleInits" name="test_portmanteau_init" time="0.002" /><testcase classname="tests.test_intensive_coverage.TestAllToolModuleInits" name="test_system_tools_init" time="0.002" /><testcase classname="tests.test_intensive_coverage.TestAllToolModuleInits" name="test_vm_tools_init" time="0.003" /><testcase classname="tests.test_intensive_coverage.TestAllToolModuleInits" name="test_security_tools_init" time="0.002" /><testcase classname="tests.test_intensive_coverage.TestAllToolModuleInits" name="test_storage_tools_init" time="0.002" /><testcase classname="tests.test_main_entry_points.TestServerV2DunderMain" name="test_server_v2_dunder_main" time="0.000"><skipped type="pytest.skip" message="server_v2 is experimental/incomplete - has import issues">D:\Dev\repos\virtualization-mcp\tests\test_main_entry_points.py:53: server_v2 is experimental/incomplete - has import issues</skipped></testcase><testcase classname="tests.test_main_entry_points.TestDevToolsModule" name="test_dev_tools_module" time="0.003" /><testcase classname="tests.test_main_entry_points.TestMainPyEntryPoint" name="test_main_function_can_be_called" time="0.001"><skipped type="pytest.skip" message="main.py uses all_tools_server, not FastMCP directly - tested in integration">D:\Dev\repos\virtualization-mcp\tests\test_main_entry_points.py:15: main.py uses all_tools_server, not FastMCP directly - tested in integration</skipped></testcase><testcase classname="tests.test_main_entry_points.TestDunderMainEntryPoint" name="test_dunder_main_import" time="0.003" /><testcase classname="tests.test_execution_coverage.TestExceptionExecution" name="test_vm_not_found_error" time="0.003" /><testcase classname="tests.test_execution_coverage.TestExceptionExecution" name="test_invalid_state_error" time="0.003"><skipped type="pytest.skip" message="InvalidStateError requires current_state arg">D:\Dev\repos\virtualization-mcp\tests\test_execution_coverage.py:257: InvalidStateError requires current_state arg</skipped></testcase><testcase classname="tests.test_execution_coverage.TestExceptionExecution" name="test_vbox_error_raise" time="0.002" /><testcase classname="tests.test_execution_coverage.TestHelpToolExecution" name="test_help_tool_module" time="0.002" /><testcase classname="tests.test_execution_coverage.TestConfigExecution" name="test_configure_logging" time="0.006" /><testcase classname="tests.test_execution_coverage.TestConfigExecution" name="test_get_logs_dir" time="0.003" /><testcase classname="tests.test_execution_coverage.TestUtilsExecution" name="test_setup_logging" time="0.004" /><testcase classname="tests.test_execution_coverage.TestUtilsExecution" name="test_get_vbox_home" time="0.004" /><testcase classname="tests.test_execution_coverage.TestServicesExecution" name="test_template_manager_list" time="0.004" /><testcase classname="tests.test_execution_coverage.TestServicesExecution" name="test_service_manager_creation" time="0.002" /><testcase classname="tests.test_execution_coverage.TestPortmanteauExecution" name="test_network_management_list_action" time="0.002"><skipped type="pytest.skip" message="Tool execution tests skipped">D:\Dev\repos\virtualization-mcp\tests\test_execution_coverage.py:182: Tool execution tests skipped</skipped></testcase><testcase classname="tests.test_execution_coverage.TestNetworkToolsExecution" name="test_list_networks_execution" time="0.002"><skipped type="pytest.skip" message="Tool execution tests skipped - tools called by MCP">D:\Dev\repos\virtualization-mcp\tests\test_execution_coverage.py:32: Tool execution tests skipped - tools called by MCP</skipped></testcase><testcase classname="tests.test_execution_coverage.TestVBoxComponentsExecution" name="test_network_manager_creation" time="0.002"><skipped type="pytest.skip" message="NetworkManager requires manager arg">D:\Dev\repos\virtualization-mcp\tests\test_execution_coverage.py:122: NetworkManager requires manager arg</skipped></testcase><testcase classname="tests.test_execution_coverage.TestVBoxComponentsExecution" name="test_compat_adapter_creation" time="0.046" /><testcase classname="tests.test_execution_coverage.TestStorageToolsExecution" name="test_list_storage_controllers_execution" time="0.003"><skipped type="pytest.skip" message="Tool execution tests skipped - tools called by MCP">D:\Dev\repos\virtualization-mcp\tests\test_execution_coverage.py:50: Tool execution tests skipped - tools called by MCP</skipped></testcase><testcase classname="tests.test_execution_coverage.TestRegisterToolsExecution" name="test_register_all_tools" time="0.004" /><testcase classname="tests.test_execution_coverage.TestSystemToolsExecution" name="test_get_vbox_version_execution" time="0.002"><skipped type="pytest.skip" message="Tool execution tests skipped - tools called by MCP">D:\Dev\repos\virtualization-mcp\tests\test_execution_coverage.py:68: Tool execution tests skipped - tools called by MCP</skipped></testcase><testcase classname="tests.test_execution_coverage.TestSnapshotToolsExecution" name="test_list_snapshots_execution" time="0.003"><skipped type="pytest.skip" message="Tool execution tests skipped - tools called by MCP">D:\Dev\repos\virtualization-mcp\tests\test_execution_coverage.py:41: Tool execution tests skipped - tools called by MCP</skipped></testcase><testcase classname="tests.test_execution_coverage.TestVMToolsExecution" name="test_list_vms_execution" time="0.002"><skipped type="pytest.skip" message="Tool execution tests skipped - tools called by MCP">D:\Dev\repos\virtualization-mcp\tests\test_execution_coverage.py:19: Tool execution tests skipped - tools called by MCP</skipped></testcase><testcase classname="tests.test_execution_coverage.TestVMToolsExecution" name="test_get_vm_info_execution" time="0.002"><skipped type="pytest.skip" message="Tool execution tests skipped - tools called by MCP">D:\Dev\repos\virtualization-mcp\tests\test_execution_coverage.py:23: Tool execution tests skipped - tools called by MCP</skipped></testcase><testcase classname="tests.test_zero_coverage_modules.TestMCPToolsExecution" name="test_mcp_tools_module_import" time="0.003" /><testcase classname="tests.test_zero_coverage_modules.TestMainEntryPoint" name="test_main_entry_point_exists" time="0.002" /><testcase classname="tests.test_zero_coverage_modules.TestBackupTools" name="test_backup_tools_module" time="0.003" /><testcase classname="tests.test_zero_coverage_modules.TestNetworkForwardingService" name="test_forwarding_service_module" time="0.003" /><testcase classname="tests.test_zero_coverage_modules.TestNetworkUtilsService" name="test_network_utils_module" time="0.002" /><testcase classname="tests.test_zero_coverage_modules.TestAudioService" name="test_audio_service_module" time="0.002" /><testcase classname="tests.test_zero_coverage_modules.TestServerV2MainEntry" name="test_server_v2_main_entry" time="0.002" /><testcase classname="tests.test_zero_coverage_modules.TestSystemService" name="test_system_service_module" time="0.000"><skipped type="pytest.skip" message="system service imports non-existent plugins.base - experimental/incomplete">D:\Dev\repos\virtualization-mcp\tests\test_zero_coverage_modules.py:109: system service imports non-existent plugins.base - experimental/incomplete</skipped></testcase><testcase classname="tests.test_zero_coverage_modules.TestVMServiceExecution" name="test_vm_service_module" time="0.004" /><testcase classname="tests.test_zero_coverage_modules.TestNetworkAdaptersService" name="test_adapters_service_module" time="0.002" /><testcase classname="tests.test_zero_coverage_modules.TestDevTools" name="test_dev_tools_module_import" time="0.002" /><testcase classname="tests.test_zero_coverage_modules.TestSnapshotsService" name="test_snapshots_service_module" time="0.003" /><testcase classname="tests.test_zero_coverage_modules.TestStorageService" name="test_storage_service_module" time="0.003" /><testcase classname="tests.test_zero_coverage_modules.TestVideoService" name="test_video_service_module" time="0.002" /><testcase classname="tests.test_zero_coverage_modules.TestServerV2Config" name="test_server_v2_config_module" time="0.002" /><testcase classname="tests.test_zero_coverage_modules.TestServerV2Utils" name="test_server_v2_utils_module" time="0.003" /><testcase classname="tests.test_zero_coverage_modules.TestDevicesService" name="test_devices_service_module" time="0.002" /><testcase classname="tests.test_zero_coverage_modules.TestMainModule" name="test_main_module_exists" time="0.002" /><testcase classname="tests.test_zero_coverage_modules.TestSandboxService" name="test_sandbox_service_module" time="0.002" /><testcase classname="tests.test_zero_coverage_modules.TestAPIDocumentation" name="test_api_documentation_module" time="0.003" /><testcase classname="tests.test_zero_coverage_quick_fix.TestMainModuleQuick" name="test_main_module_import" time="0.003" /><testcase classname="tests.test_zero_coverage_quick_fix.TestMainModuleQuick" name="test_main_function_exists" time="0.002" /><testcase classname="tests.test_zero_coverage_quick_fix.TestMainModuleExecution" name="test_main_module_initialization" time="0.001"><skipped type="pytest.skip" message="main.py doesn't have FastMCP - uses all_tools_server">D:\Dev\repos\virtualization-mcp\tests\test_zero_coverage_quick_fix.py:128: main.py doesn't have FastMCP - uses all_tools_server</skipped></testcase><testcase classname="tests.test_zero_coverage_quick_fix.TestServerV2Quick" name="test_server_v2_main_import" time="0.001"><skipped type="pytest.skip" message="server_v2 is experimental/incomplete - has import issues">D:\Dev\repos\virtualization-mcp\tests\test_zero_coverage_quick_fix.py:92: server_v2 is experimental/incomplete - has import issues</skipped></testcase><testcase classname="tests.test_zero_coverage_quick_fix.TestServerV2Quick" name="test_server_v2_utils_import" time="0.001"><skipped type="pytest.skip" message="server_v2 is experimental/incomplete - has import issues">D:\Dev\repos\virtualization-mcp\tests\test_zero_coverage_quick_fix.py:85: server_v2 is experimental/incomplete - has import issues</skipped></testcase><testcase classname="tests.test_zero_coverage_quick_fix.TestServerV2Quick" name="test_server_v2_server_import" time="0.000"><skipped type="pytest.skip" message="server_v2 is experimental/incomplete - has import issues">D:\Dev\repos\virtualization-mcp\tests\test_zero_coverage_quick_fix.py:71: server_v2 is experimental/incomplete - has import issues</skipped></testcase><testcase classname="tests.test_zero_coverage_quick_fix.TestServerV2Quick" name="test_server_v2_config_import" time="0.001"><skipped type="pytest.skip" message="server_v2 is experimental/incomplete - has import issues">D:\Dev\repos\virtualization-mcp\tests\test_zero_coverage_quick_fix.py:78: server_v2 is experimental/incomplete - has import issues</skipped></testcase><testcase classname="tests.test_zero_coverage_quick_fix.TestEntryPointExecution" name="test_main_entry_point_code" time="0.003" /><testcase classname="tests.test_zero_coverage_quick_fix.TestEntryPointExecution" name="test_server_v2_main_entry_point" time="0.004"><skipped type="pytest.skip" message="Server v2 main has dependencies: No module named 'virtualization_mcp.plugins.plugin_manager'">D:\Dev\repos\virtualization-mcp\tests\test_zero_coverage_quick_fix.py:173: Server v2 main has dependencies: No module named 'virtualization_mcp.plugins.plugin_manager'</skipped></testcase><testcase classname="tests.test_zero_coverage_quick_fix.TestZeroCoverageExecution" name="test_dev_tools_execution" time="0.002" /><testcase classname="tests.test_zero_coverage_quick_fix.TestZeroCoverageExecution" name="test_server_v2_server_class" time="0.002"><skipped type="pytest.skip" message="server_v2 import errors">D:\Dev\repos\virtualization-mcp\tests\test_zero_coverage_quick_fix.py:105: server_v2 import errors</skipped></testcase><testcase classname="tests.test_zero_coverage_quick_fix.TestZeroCoverageExecution" name="test_server_v2_utils_functions" time="0.002"><skipped type="pytest.skip" message="server_v2 import errors">D:\Dev\repos\virtualization-mcp\tests\test_zero_coverage_quick_fix.py:109: server_v2 import errors</skipped></testcase><testcase classname="tests.test_zero_coverage_quick_fix.TestMainEntryPointQuick" name="test_main_entry_point_execution" time="0.002" /><testcase classname="tests.test_zero_coverage_quick_fix.TestMainEntryPointQuick" name="test_main_entry_point_import" time="0.002" /><testcase classname="tests.test_zero_coverage_quick_fix.TestDevToolsQuick" name="test_dev_tools_functions_exist" time="0.002" /><testcase classname="tests.test_zero_coverage_quick_fix.TestDevToolsQuick" name="test_dev_tools_import" time="0.002" /><testcase classname="tests.test_zero_coverage_quick_fix.TestQuickExecutionCoverage" name="test_all_imports_execute" time="0.007" /><testcase classname="tests.test_zero_coverage_quick_fix.TestQuickExecutionCoverage" name="test_basic_function_calls" time="0.002"><skipped type="pytest.skip" message="server_v2 utils not available">D:\Dev\repos\virtualization-mcp\tests\test_zero_coverage_quick_fix.py:201: server_v2 utils not available</skipped></testcase><testcase classname="tests.test_devices.TestVMDeviceMixin" name="test_list_devices" time="0.000"><skipped type="pytest.skip" message="Method names don't match implementation - needs refactoring">D:\Dev\repos\virtualization-mcp\tests\test_devices.py:24: Method names don't match implementation - needs refactoring</skipped></testcase><testcase classname="tests.test_devices.TestVMDeviceMixin" name="test_remove_shared_folder" time="0.000"><skipped type="pytest.skip" message="Method names don't match implementation - needs refactoring">D:\Dev\repos\virtualization-mcp\tests\test_devices.py:110: Method names don't match implementation - needs refactoring</skipped></testcase><testcase classname="tests.test_devices.TestVMDeviceMixin" name="test_detach_usb_device" time="0.000"><skipped type="pytest.skip" message="Method names don't match implementation - needs refactoring">D:\Dev\repos\virtualization-mcp\tests\test_devices.py:64: Method names don't match implementation - needs refactoring</skipped></testcase><testcase classname="tests.test_devices.TestVMDeviceMixin" name="test_configure_shared_folder" time="0.000"><skipped type="pytest.skip" message="Method names don't match implementation - needs refactoring">D:\Dev\repos\virtualization-mcp\tests\test_devices.py:98: Method names don't match implementation - needs refactoring</skipped></testcase><testcase classname="tests.test_devices.TestVMDeviceMixin" name="test_list_available_usb_devices" time="0.000"><skipped type="pytest.skip" message="Method names don't match implementation - needs refactoring">D:\Dev\repos\virtualization-mcp\tests\test_devices.py:77: Method names don't match implementation - needs refactoring</skipped></testcase><testcase classname="tests.test_devices.TestVMDeviceMixin" name="test_attach_usb_device" time="0.000"><skipped type="pytest.skip" message="Method names don't match implementation - needs refactoring">D:\Dev\repos\virtualization-mcp\tests\test_devices.py:45: Method names don't match implementation - needs refactoring</skipped></testcase><testcase classname="tests.test_gold_push_part4_main_modules.TestDevToolsComplete" name="test_dev_tools_complete" time="0.003" /><testcase classname="tests.test_gold_push_part4_main_modules.TestDunderMainComplete" name="test_dunder_main_complete" time="0.002" /><testcase classname="tests.test_gold_push_part4_main_modules.TestMainPyComplete" name="test_main_imports" time="0.001"><skipped type="pytest.skip" message="main.py uses all_tools_server, not FastMCP/VBoxManager directly">D:\Dev\repos\virtualization-mcp\tests\test_gold_push_part4_main_modules.py:19: main.py uses all_tools_server, not FastMCP/VBoxManager directly</skipped></testcase><testcase classname="tests.test_sandbox_folder_mapping" name="test_wsx_xml_generation_complete" time="0.010" /><testcase classname="tests.test_sandbox_folder_mapping" name="test_mapped_folder_invalid_path" time="0.003" /><testcase classname="tests.test_sandbox_folder_mapping" name="test_mapped_folder_validation" time="0.003" /><testcase classname="tests.test_sandbox_folder_mapping" name="test_wsx_xml_generation_with_folders" time="0.003" /><testcase classname="tests.test_sandbox_folder_mapping" name="test_memory_validation" time="0.002" /><testcase classname="tests.test_sandbox_folder_mapping" name="test_sandbox_config_with_folders" time="0.003" /><testcase classname="tests.test_sandbox_folder_mapping" name="test_mapped_folder_relative_path" time="0.002" /><testcase classname="tests.test_sandbox_folder_mapping" name="test_wsx_xml_generation_escaping" time="0.003" /><testcase classname="tests.test_sandbox_folder_mapping" name="test_empty_folders_and_commands" time="0.002" /><testcase classname="tests.test_sandbox_folder_mapping" name="test_sandbox_config_validation" time="0.002" /><testcase classname="tests.test_sandbox_folder_mapping" name="test_wsx_xml_generation_with_commands" time="0.002" /><testcase classname="tests.test_sandbox_folder_mapping" name="test_wsx_xml_generation_basic" time="0.004" /><testcase classname="tests.test_comprehensive_coverage.TestUtils" name="test_helpers_import" time="0.002" /><testcase classname="tests.test_comprehensive_coverage.TestUtils" name="test_logging_utils_import" time="0.002" /><testcase classname="tests.test_comprehensive_coverage.TestBackupTools" name="test_backup_tools_module" time="0.002" /><testcase classname="tests.test_comprehensive_coverage.TestVBoxCompat" name="test_networking_import" time="0.004" /><testcase classname="tests.test_comprehensive_coverage.TestVBoxCompat" name="test_compat_adapter_import" time="0.002" /><testcase classname="tests.test_comprehensive_coverage.TestVBoxCompat" name="test_vm_operations_import" time="0.002" /><testcase classname="tests.test_comprehensive_coverage.TestDevelopmentTools" name="test_sandbox_tools_module" time="0.002" /><testcase classname="tests.test_comprehensive_coverage.TestDevelopmentTools" name="test_documentation_tools_module" time="0.002" /><testcase classname="tests.test_comprehensive_coverage.TestAllToolsServer" name="test_mcp_tools_module" time="0.002" /><testcase classname="tests.test_comprehensive_coverage.TestAllToolsServer" name="test_server_import" time="0.002" /><testcase classname="tests.test_comprehensive_coverage.TestPortmanteauTools" name="test_snapshot_management_import" time="0.003" /><testcase classname="tests.test_comprehensive_coverage.TestPortmanteauTools" name="test_network_management_import" time="0.002" /><testcase classname="tests.test_comprehensive_coverage.TestPortmanteauTools" name="test_vm_management_import" time="0.002" /><testcase classname="tests.test_comprehensive_coverage.TestPortmanteauTools" name="test_system_management_import" time="0.004" /><testcase classname="tests.test_comprehensive_coverage.TestPortmanteauTools" name="test_storage_management_import" time="0.002" /><testcase classname="tests.test_comprehensive_coverage.TestJSONEncoder" name="test_json_encoder_import" time="0.005" /><testcase classname="tests.test_comprehensive_coverage.TestExceptions" name="test_vbox_exception_import" time="0.002" /><testcase classname="tests.test_comprehensive_coverage.TestToolModules" name="test_storage_tools_import" time="0.003" /><testcase classname="tests.test_comprehensive_coverage.TestToolModules" name="test_vm_tools_import" time="0.003" /><testcase classname="tests.test_comprehensive_coverage.TestToolModules" name="test_network_tools_module" time="0.002" /><testcase classname="tests.test_comprehensive_coverage.TestToolModules" name="test_snapshot_tools_import" time="0.002" /><testcase classname="tests.test_comprehensive_coverage.TestToolModules" name="test_system_tools_import" time="0.002" /><testcase classname="tests.test_comprehensive_coverage.TestMonitoringTools" name="test_metrics_tools_import" time="0.002" /><testcase classname="tests.test_comprehensive_coverage.TestMonitoringTools" name="test_monitoring_tools_import" time="0.002"><skipped type="pytest.skip" message="monitoring_tools prometheus registry conflict">D:\Dev\repos\virtualization-mcp\tests\test_comprehensive_coverage.py:260: monitoring_tools prometheus registry conflict</skipped></testcase><testcase classname="tests.test_comprehensive_coverage.TestConfig" name="test_settings_import" time="0.002" /><testcase classname="tests.test_comprehensive_coverage.TestConfig" name="test_get_vbox_manage_path" time="0.002" /><testcase classname="tests.test_comprehensive_coverage.TestServices" name="test_service_manager_import" time="0.002" /><testcase classname="tests.test_comprehensive_coverage.TestServices" name="test_vm_service_import" time="0.003" /><testcase classname="tests.test_comprehensive_coverage.TestServices" name="test_template_manager_import" time="0.002" /><testcase classname="tests.test_comprehensive_coverage.TestPlugins" name="test_sandbox_plugin_import" time="0.002" /><testcase classname="tests.test_comprehensive_coverage.TestPlugins" name="test_hyperv_plugin_module" time="0.002" /><testcase classname="tests.test_comprehensive_coverage.TestSecurityTools" name="test_security_testing_tools_module" time="0.002" /><testcase classname="tests.test_comprehensive_coverage.TestSecurityTools" name="test_malware_tools_import" time="0.002" /><testcase classname="tests.test_comprehensive_coverage.TestVMServiceComponents" name="test_lifecycle_import" time="0.002" /><testcase classname="tests.test_comprehensive_coverage.TestVMServiceComponents" name="test_devices_import" time="0.002" /><testcase classname="tests.test_comprehensive_coverage.TestVMServiceComponents" name="test_network_service_module" time="0.002" /><testcase classname="tests.test_comprehensive_coverage.TestVMServiceComponents" name="test_metrics_import" time="0.002" /><testcase classname="tests.test_gold_mega_boost_1.TestAllToolsServerMegaExecution" name="test_all_tools_server_complete" time="0.002" /><testcase classname="tests.test_gold_mega_boost_1.TestMCPToolsMegaExecution" name="test_mcp_tools_all_functions" time="0.003" /><testcase classname="tests.test_gold_mega_boost_1.TestMCPToolsMegaExecution" name="test_mcp_tools_complete_import" time="0.002" /><testcase classname="tests.test_gold_mega_boost_1.TestAPIDocumentationMegaExecution" name="test_api_docs_complete_import" time="0.002" /><testcase classname="tests.test_gold_mega_boost_1.TestAPIDocumentationMegaExecution" name="test_api_docs_all_functions" time="0.004" /><testcase classname="tests.test_gold_mega_boost_1.TestTemplatesMegaExecution" name="test_templates_complete_import" time="0.002" /><testcase classname="tests.test_gold_mega_boost_1.TestSandboxMegaExecution" name="test_sandbox_complete_import" time="0.002" /><testcase classname="tests.test_gold_mega_boost_1.TestVMServiceMegaExecution" name="test_vm_service_all_classes" time="0.002" /><testcase classname="tests.test_gold_mega_boost_1.TestVMServiceMegaExecution" name="test_vm_service_complete_import" time="0.002" /><testcase classname="tests.test_gold_mega_boost_1.TestDevicesMegaExecution" name="test_devices_all_attributes" time="0.002" /><testcase classname="tests.test_gold_mega_boost_1.TestDevicesMegaExecution" name="test_devices_complete_import" time="0.002" /><testcase classname="tests.test_gold_mega_boost_1.TestDevToolsMegaExecution" name="test_dev_tools_complete" time="0.003" /><testcase classname="tests.test_gold_mega_boost_1.TestServerV2UtilsMegaExecution" name="test_server_v2_utils_complete" time="0.002" /><testcase classname="tests.test_gold_mega_boost_1.TestLifecycleMegaExecution" name="test_lifecycle_complete_import" time="0.002" /><testcase classname="tests.test_gold_mega_boost_1.TestServerV2ServerMegaExecution" name="test_server_v2_server_complete" time="0.002"><skipped type="pytest.skip" message="server_v2 import errors">D:\Dev\repos\virtualization-mcp\tests\test_gold_mega_boost_1.py:157: server_v2 import errors</skipped></testcase><testcase classname="tests.test_auto_generated.Test_system_tools_Generated" name="test_get_vbox_version_execution" time="0.003"><skipped type="pytest.skip" message="Tool execution tests skipped">D:\Dev\repos\virtualization-mcp\tests\test_auto_generated.py:260: Tool execution tests skipped</skipped></testcase><testcase classname="tests.test_coverage_boost_network_storage.TestBackupModule" name="test_backup_functions_exist" time="0.003"><skipped type="pytest.skip" message="Backup module not available">D:\Dev\repos\virtualization-mcp\tests\test_coverage_boost_network_storage.py:265: Backup module not available</skipped></testcase><testcase classname="tests.test_coverage_boost_network_storage.TestBackupModule" name="test_backup_module_import" time="0.004"><skipped type="pytest.skip" message="Backup module not found">D:\Dev\repos\virtualization-mcp\tests\test_coverage_boost_network_storage.py:255: Backup module not found</skipped></testcase><testcase classname="tests.test_coverage_boost_network_storage.TestNetworkAdapters" name="test_adapters_configure_function" time="0.003" /><testcase classname="tests.test_coverage_boost_network_storage.TestNetworkAdapters" name="test_adapters_module_import" time="0.002" /><testcase classname="tests.test_coverage_boost_network_storage.TestVideoModule" name="test_video_configure_function" time="0.005"><skipped type="pytest.skip" message="Video module has import dependencies">D:\Dev\repos\virtualization-mcp\tests\test_coverage_boost_network_storage.py:177: Video module has import dependencies</skipped></testcase><testcase classname="tests.test_coverage_boost_network_storage.TestVideoModule" name="test_video_module_import" time="0.004"><skipped type="pytest.skip" message="Video module has import dependencies: No module named 'virtualization_mcp.plugins.base'">D:\Dev\repos\virtualization-mcp\tests\test_coverage_boost_network_storage.py:162: Video module has import dependencies: No module named 'virtualization_mcp.plugins.base'</skipped></testcase><testcase classname="tests.test_coverage_boost_network_storage.TestStorageModule" name="test_storage_module_import" time="0.002" /><testcase classname="tests.test_coverage_boost_network_storage.TestStorageModule" name="test_storage_mixin_exists" time="0.003" /><testcase classname="tests.test_coverage_boost_network_storage.TestStorageModule" name="test_storage_list_controllers" time="0.003" /><testcase classname="tests.test_coverage_boost_network_storage.TestSandboxModule" name="test_sandbox_module_import" time="0.004"><skipped type="pytest.skip" message="Sandbox module not found">D:\Dev\repos\virtualization-mcp\tests\test_coverage_boost_network_storage.py:216: Sandbox module not found</skipped></testcase><testcase classname="tests.test_coverage_boost_network_storage.TestSandboxModule" name="test_sandbox_create_function" time="0.004"><skipped type="pytest.skip" message="Sandbox module not available">D:\Dev\repos\virtualization-mcp\tests\test_coverage_boost_network_storage.py:230: Sandbox module not available</skipped></testcase><testcase classname="tests.test_coverage_boost_network_storage.TestNetworkForwarding" name="test_forwarding_functions_exist" time="0.002" /><testcase classname="tests.test_coverage_boost_network_storage.TestNetworkForwarding" name="test_forwarding_module_import" time="0.002" /><testcase classname="tests.test_coverage_boost_network_storage.TestSnapshotsModule" name="test_snapshots_mixin_exists" time="0.003" /><testcase classname="tests.test_coverage_boost_network_storage.TestSnapshotsModule" name="test_snapshots_module_import" time="0.002" /><testcase classname="tests.test_coverage_boost_network_storage.TestSnapshotsModule" name="test_snapshots_list_function" time="0.003" /><testcase classname="tests.test_coverage_boost_network_storage.TestDevicesHyperV" name="test_devices_hyperv_import" time="0.001"><skipped type="pytest.skip" message="Hyper-V only available on Windows">D:\Dev\repos\virtualization-mcp\tests\test_coverage_boost_network_storage.py:236: Hyper-V only available on Windows</skipped></testcase><testcase classname="tests.test_coverage_boost_network_storage.TestNetworkService" name="test_network_service_import" time="0.002" /><testcase classname="tests.test_coverage_boost_network_storage.TestNetworkService" name="test_network_service_class" time="0.003" /><testcase classname="tests.test_coverage_boost_network_storage.TestTemplatesModule" name="test_templates_load_function" time="0.003" /><testcase classname="tests.test_coverage_boost_network_storage.TestTemplatesModule" name="test_templates_mixin_exists" time="0.004" /><testcase classname="tests.test_coverage_boost_network_storage.TestTemplatesModule" name="test_templates_module_import" time="0.002" /><testcase classname="tests.test_coverage_boost_network_storage.TestSystemModule" name="test_system_module_import" time="0.005"><skipped type="pytest.skip" message="System module has import dependencies: No module named 'virtualization_mcp.plugins.base'">D:\Dev\repos\virtualization-mcp\tests\test_coverage_boost_network_storage.py:189: System module has import dependencies: No module named 'virtualization_mcp.plugins.base'</skipped></testcase><testcase classname="tests.test_coverage_boost_network_storage.TestSystemModule" name="test_system_info_function" time="0.004"><skipped type="pytest.skip" message="System module has import dependencies">D:\Dev\repos\virtualization-mcp\tests\test_coverage_boost_network_storage.py:204: System module has import dependencies</skipped></testcase><testcase classname="tests.test_imports" name="test_tools_import" time="0.003" /><testcase classname="tests.test_imports" name="test_pytest_working" time="0.005" /><testcase classname="tes
[...]
 type="pytest.skip" message="Server v2 initialization complex">D:\Dev\repos\virtualization-mcp\tests\test_deep_execution.py:279: Server v2 initialization complex</skipped></testcase><testcase classname="tests.test_deep_execution.TestServerV2UtilsExecution" name="test_server_v2_utils_init" time="0.002"><skipped type="pytest.skip" message="Server v2 utils may have import issues">D:\Dev\repos\virtualization-mcp\tests\test_deep_execution.py:287: Server v2 utils may have import issues</skipped></testcase><testcase classname="tests.test_deep_execution.TestMetricsDeepExecution" name="test_metrics_get_vm_metrics" time="0.009" /><testcase classname="tests.test_deep_execution.TestMetricsDeepExecution" name="test_metrics_get_resource_usage" time="0.003"><skipped type="pytest.skip" message="get_resource_usage not implemented">D:\Dev\repos\virtualization-mcp\tests\test_deep_execution.py:197: get_resource_usage not implemented</skipped></testcase><testcase classname="tests.test_deep_execution.TestServiceVMBase" name="test_vm_service_base_init" time="0.436" /><testcase classname="tests.test_deep_execution.TestDevicesHyperV" name="test_devices_hyperv_content" time="0.003" /><testcase classname="tests.test_deep_execution.TestMCPToolsExecution" name="test_mcp_tools_module" time="0.002" /><testcase classname="tests.test_deep_execution.TestSandboxModule" name="test_sandbox_module_content" time="0.004"><skipped type="pytest.skip" message="Sandbox module or VMSandboxManager not available">D:\Dev\repos\virtualization-mcp\tests\test_deep_execution.py:358: Sandbox module or VMSandboxManager not available</skipped></testcase><testcase classname="tests.test_deep_execution.TestVMServiceTypes" name="test_types_module_enums" time="0.003" /><testcase classname="tests.test_deep_execution.TestAudioModule" name="test_audio_module_content" time="0.003"><skipped type="pytest.skip" message="Audio module may not exist">D:\Dev\repos\virtualization-mcp\tests\test_deep_execution.py:328: Audio module may not exist</skipped></testcase><testcase classname="tests.test_massive_coverage_boost.TestAPIInitComprehensive" name="test_api_init_import" time="0.002" /><testcase classname="tests.test_massive_coverage_boost.TestSnapshotsServiceComprehensive" name="test_snapshots_service_import" time="0.002" /><testcase classname="tests.test_massive_coverage_boost.TestServerV2UtilsComprehensive" name="test_server_v2_utils_module" time="0.004" /><testcase classname="tests.test_massive_coverage_boost.TestVMOperationsComprehensive" name="test_vm_ops_all_methods_exist" time="0.001"><skipped type="pytest.skip" message="VMOperations uses VBoxManager which needs mocking - tested in vm_operations tests">D:\Dev\repos\virtualization-mcp\tests\test_massive_coverage_boost.py:145: VMOperations uses VBoxManager which needs mocking - tested in vm_operations tests</skipped></testcase><testcase classname="tests.test_massive_coverage_boost.TestAllToolsServerComprehensive" name="test_all_tools_server_import" time="0.002" /><testcase classname="tests.test_massive_coverage_boost.TestVMServiceComprehensive" name="test_vm_service_module_import" time="0.002" /><testcase classname="tests.test_massive_coverage_boost.TestSystemServiceComprehensive" name="test_system_service_import" time="0.004" /><testcase classname="tests.test_massive_coverage_boost.TestBackupToolsComprehensive" name="test_backup_tools_import" time="0.002" /><testcase classname="tests.test_massive_coverage_boost.TestMCPToolsComprehensive" name="test_mcp_tools_import" time="0.002" /><testcase classname="tests.test_massive_coverage_boost.TestDevToolsComprehensive" name="test_dev_tools_import" time="0.002" /><testcase classname="tests.test_massive_coverage_boost.TestAudioServiceComprehensive" name="test_audio_service_import" time="0.004" /><testcase classname="tests.test_massive_coverage_boost.TestNetworkForwardingComprehensive" name="test_network_forwarding_import" time="0.003" /><testcase classname="tests.test_massive_coverage_boost.TestStorageServiceComprehensive" name="test_storage_service_import" time="0.002" /><testcase classname="tests.test_massive_coverage_boost.TestNetworkUtilsComprehensive" name="test_network_utils_import" time="0.002" /><testcase classname="tests.test_massive_coverage_boost.TestSandboxServiceComprehensive" name="test_sandbox_service_import" time="0.002" /><testcase classname="tests.test_massive_coverage_boost.TestServerV2Comprehensive" name="test_server_v2_server_module" time="0.002" /><testcase classname="tests.test_massive_coverage_boost.TestAPIDocumentationComprehensive" name="test_api_documentation_import" time="0.002" /><testcase classname="tests.test_massive_coverage_boost.TestSandboxToolsComprehensive" name="test_sandbox_tools_import" time="0.002" /><testcase classname="tests.test_massive_coverage_boost.TestMainPyComprehensive" name="test_main_py_import" time="0.002" /><testcase classname="tests.test_massive_coverage_boost.TestPluginsInitComprehensive" name="test_plugins_init_module" time="0.002" /><testcase classname="tests.test_massive_coverage_boost.TestVideoServiceComprehensive" name="test_video_service_import" time="0.004" /><testcase classname="tests.test_massive_coverage_boost.TestNetworkAdaptersComprehensive" name="test_network_adapters_import" time="0.002" /><testcase classname="tests.test_massive_coverage_boost.TestTemplatesServiceComprehensive" name="test_templates_service_import" time="0.002" /><testcase classname="tests.test_massive_coverage_boost.TestTemplateManagerComprehensive" name="test_template_manager_all_methods" time="0.003" /><testcase classname="tests.test_portmanteau_network_management.TestNetworkManagementPortmanteau" name="test_network_actions_constant" time="0.002" /><testcase classname="tests.test_portmanteau_network_management.TestNetworkManagementPortmanteau" name="test_register_network_management_tool" time="0.002" /><testcase classname="tests.test_coverage_boost_json_monitoring.TestJSONEncoder" name="test_encoder_default_handles_unknown_type" time="0.005" /><testcase classname="tests.test_coverage_boost_json_monitoring.TestJSONEncoder" name="test_custom_encoder_datetime" time="0.005" /><testcase classname="tests.test_coverage_boost_json_monitoring.TestJSONEncoder" name="test_custom_encoder_set" time="0.004" /><testcase classname="tests.test_coverage_boost_json_monitoring.TestJSONEncoder" name="test_loads_with_invalid_json" time="0.003" /><testcase classname="tests.test_coverage_boost_json_monitoring.TestJSONEncoder" name="test_custom_encoder_bytes" time="0.004" /><testcase classname="tests.test_coverage_boost_json_monitoring.TestJSONEncoder" name="test_encoder_none_value" time="0.004" /><testcase classname="tests.test_coverage_boost_json_monitoring.TestJSONEncoder" name="test_custom_encoder_path" time="0.003" /><testcase classname="tests.test_coverage_boost_json_monitoring.TestJSONEncoder" name="test_dumps_with_indentation" time="0.004" /><testcase classname="tests.test_coverage_boost_json_monitoring.TestJSONEncoder" name="test_encoder_handles_nested_objects" time="0.004" /><testcase classname="tests.test_coverage_boost_json_monitoring.TestJSONEncoder" name="test_dumps_with_custom_encoder" time="0.004" /><testcase classname="tests.test_coverage_boost_json_monitoring.TestJSONEncoder" name="test_loads_basic" time="0.002" /><testcase classname="tests.test_coverage_boost_json_monitoring.TestSecurityTestingTools" name="test_security_testing_tools_import" time="0.002" /><testcase classname="tests.test_coverage_boost_json_monitoring.TestMonitoringTools" name="test_stop_monitoring_tool_exists" time="0.003"><skipped type="pytest.skip" message="stop_monitoring not available">D:\Dev\repos\virtualization-mcp\tests\test_coverage_boost_json_monitoring.py:156: stop_monitoring not available</skipped></testcase><testcase classname="tests.test_coverage_boost_json_monitoring.TestMonitoringTools" name="test_start_monitoring_tool_exists" time="0.002"><skipped type="pytest.skip" message="start_monitoring not available">D:\Dev\repos\virtualization-mcp\tests\test_coverage_boost_json_monitoring.py:145: start_monitoring not available</skipped></testcase><testcase classname="tests.test_coverage_boost_json_monitoring.TestMonitoringTools" name="test_monitoring_module_constants" time="0.003" /><testcase classname="tests.test_coverage_boost_json_monitoring.TestMonitoringTools" name="test_get_monitoring_status_exists" time="0.003"><skipped type="pytest.skip" message="get_monitoring_status not available">D:\Dev\repos\virtualization-mcp\tests\test_coverage_boost_json_monitoring.py:167: get_monitoring_status not available</skipped></testcase><testcase classname="tests.test_coverage_boost_json_monitoring.TestMonitoringTools" name="test_monitoring_tools_import" time="0.002" /><testcase classname="tests.test_real_vbox_integration.TestDualModeInfrastructure" name="test_requires_vbox_decorator_works" time="0.002" /><testcase classname="tests.test_real_vbox_integration.TestDualModeInfrastructure" name="test_vbox_manager_fixture_returns_correct_type" time="0.005" /><testcase classname="tests.test_real_vbox_integration.TestRealVBoxIntegration" name="test_create_and_delete_vm_real_vbox_only" time="0.001"><skipped type="pytest.skip" message="Real VBox integration - VM state management complex, tested manually">D:\Dev\repos\virtualization-mcp\tests\test_real_vbox_integration.py:43: Real VBox integration - VM state management complex, tested manually</skipped></testcase><testcase classname="tests.test_real_vbox_integration.TestRealVBoxIntegration" name="test_vbox_manager_list_vms" time="0.003" /><testcase classname="tests.test_real_vbox_integration.TestRealVBoxIntegration" name="test_vbox_availability_flag" time="0.003" /><testcase classname="tests.test_real_vbox_integration.TestRealVBoxIntegration" name="test_vbox_manager_get_version" time="0.003" /><testcase classname="tests.test_real_vbox_integration.TestRealVBoxIntegration" name="test_vm_state_transitions_real_vbox_only" time="0.001"><skipped type="pytest.skip" message="Real VBox integration - VM state management complex, tested manually">D:\Dev\repos\virtualization-mcp\tests\test_real_vbox_integration.py:61: Real VBox integration - VM state management complex, tested manually</skipped></testcase><testcase classname="tests.test_function_execution_mega.TestServiceManagerFunctionExecution" name="test_service_manager_get_execution" time="0.003"><skipped type="pytest.skip" message="ServiceManager.register_service not implemented">D:\Dev\repos\virtualization-mcp\tests\test_function_execution_mega.py:228: ServiceManager.register_service not implemented</skipped></testcase><testcase classname="tests.test_function_execution_mega.TestServiceManagerFunctionExecution" name="test_service_manager_register_execution" time="0.003"><skipped type="pytest.skip" message="ServiceManager.register_service not implemented">D:\Dev\repos\virtualization-mcp\tests\test_function_execution_mega.py:219: ServiceManager.register_service not implemented</skipped></testcase><testcase classname="tests.test_function_execution_mega.TestServiceManagerFunctionExecution" name="test_service_manager_list_execution" time="0.003"><skipped type="pytest.skip" message="ServiceManager.list_services not implemented">D:\Dev\repos\virtualization-mcp\tests\test_function_execution_mega.py:241: ServiceManager.list_services not implemented</skipped></testcase><testcase classname="tests.test_function_execution_mega.TestMCPToolsFunctionExecution" name="test_register_mcp_tools_execution" time="0.003"><skipped type="pytest.skip" message="register_mcp_tools has ServiceManager dependency issues">D:\Dev\repos\virtualization-mcp\tests\test_function_execution_mega.py:82: register_mcp_tools has ServiceManager dependency issues</skipped></testcase><testcase classname="tests.test_function_execution_mega.TestAllToolsServerFunctionExecution" name="test_start_mcp_server_execution" time="0.002" /><testcase classname="tests.test_function_execution_mega.TestAllToolsServerFunctionExecution" name="test_handle_shutdown_execution" time="0.001"><skipped type="pytest.skip" message="all_tools_server no longer defines handle_shutdown">D:\Dev\repos\virtualization-mcp\tests\test_function_execution_mega.py:22: all_tools_server no longer defines handle_shutdown</skipped></testcase><testcase classname="tests.test_function_execution_mega.TestAllToolsServerFunctionExecution" name="test_register_all_tools_execution" time="0.002"><skipped type="pytest.skip" message="register_all_tools decorator mocking complex">D:\Dev\repos\virtualization-mcp\tests\test_function_execution_mega.py:29: register_all_tools decorator mocking complex</skipped></testcase><testcase classname="tests.test_function_execution_mega.TestJSONEncoderFunctionExecution" name="test_encoder_default_with_various_types" time="0.004" /><testcase classname="tests.test_function_execution_mega.TestJSONEncoderFunctionExecution" name="test_loads_with_various_json" time="0.002" /><testcase classname="tests.test_function_execution_mega.TestJSONEncoderFunctionExecution" name="test_dumps_with_complex_objects" time="0.014" /><testcase classname="tests.test_function_execution_mega.TestTemplateManagerFunctionExecution" name="test_template_manager_create_execution" time="0.005" /><testcase classname="tests.test_function_execution_mega.TestTemplateManagerFunctionExecution" name="test_template_manager_list_execution" time="0.004" /><testcase classname="tests.test_function_execution_mega.TestTemplateManagerFunctionExecution" name="test_template_manager_get_execution" time="0.003" /><testcase classname="tests.test_function_execution_mega.TestMainPyFunctionExecution" name="test_main_function_execution" time="0.001"><skipped type="pytest.skip" message="main module doesn't have start_mcp_server - tested in integration">D:\Dev\repos\virtualization-mcp\tests\test_function_execution_mega.py:64: main module doesn't have start_mcp_server - tested in integration</skipped></testcase><testcase classname="tests.test_function_execution_mega.TestMainPyFunctionExecution" name="test_parse_arguments_execution" time="0.003" /><testcase classname="tests.test_coverage_boost_zero_percent.TestLowCoverageMainModule" name="test_main_module_import" time="0.003" /><testcase classname="tests.test_coverage_boost_zero_percent.TestLowCoverageMainModule" name="test_parse_arguments_help" time="0.004" /><testcase classname="tests.test_coverage_boost_zero_percent.TestLowCoverageMainModule" name="test_main_has_parse_arguments" time="0.002" /><testcase classname="tests.test_coverage_boost_zero_percent.TestLowCoverageMCPTools" name="test_mcp_tools_import" time="0.003" /><testcase classname="tests.test_coverage_boost_zero_percent.TestLowCoverageMCPTools" name="test_mcp_tools_has_register_function" time="0.003" /><testcase classname="tests.test_coverage_boost_zero_percent.TestServerV2Modules" name="test_server_v2_dunder_main_import" time="0.004"><skipped type="pytest.skip" message="server_v2.__main__ has import dependencies">D:\Dev\repos\virtualization-mcp\tests\test_coverage_boost_zero_percent.py:20: server_v2.__main__ has import dependencies</skipped></testcase><testcase classname="tests.test_coverage_boost_zero_percent.TestServerV2Modules" name="test_server_v2_server_import" time="0.004"><skipped type="pytest.skip" message="server_v2.server has import dependencies">D:\Dev\repos\virtualization-mcp\tests\test_coverage_boost_zero_percent.py:28: server_v2.server has import dependencies</skipped></testcase><testcase classname="tests.test_coverage_boost_zero_percent.TestServerV2Modules" name="test_server_v2_utils_init_import" time="0.004"><skipped type="pytest.skip" message="server_v2.utils has import dependencies">D:\Dev\repos\virtualization-mcp\tests\test_coverage_boost_zero_percent.py:36: server_v2.utils has import dependencies</skipped></testcase><testcase classname="tests.test_coverage_boost_zero_percent.TestPluginsInit" name="test_plugins_has_hyperv" time="0.003" /><testcase classname="tests.test_coverage_boost_zero_percent.TestPluginsInit" name="test_plugins_init_import" time="0.003" /><testcase classname="tests.test_coverage_boost_zero_percent.TestPluginsInit" name="test_plugins_has_sandbox" time="0.002" /><testcase classname="tests.test_coverage_boost_zero_percent.TestLowCoverageDevicesModule" name="test_devices_mixin_class" time="0.003" /><testcase classname="tests.test_coverage_boost_zero_percent.TestLowCoverageDevicesModule" name="test_devices_module_import" time="0.002" /><testcase classname="tests.test_coverage_boost_zero_percent.TestLifecycleModule" name="test_lifecycle_functions_exist" time="0.002" /><testcase classname="tests.test_coverage_boost_zero_percent.TestLifecycleModule" name="test_lifecycle_import" time="0.002" /><testcase classname="tests.test_coverage_boost_zero_percent.TestAllToolsServer" name="test_all_tools_server_import" time="0.002" /><testcase classname="tests.test_coverage_boost_zero_percent.TestAllToolsServer" name="test_all_tools_server_has_main" time="0.002" /><testcase classname="tests.test_coverage_boost_zero_percent.TestAllToolsServer" name="test_all_tools_server_has_start_function" time="0.002" /><testcase classname="tests.test_coverage_boost_zero_percent.TestHyperVManager" name="test_hyperv_manager_import" time="0.000"><skipped type="pytest.skip" message="Hyper-V only available on Windows">D:\Dev\repos\virtualization-mcp\tests\test_coverage_boost_zero_percent.py:279: Hyper-V only available on Windows</skipped></testcase><testcase classname="tests.test_coverage_boost_zero_percent.TestTemplateManager" name="test_template_manager_import" time="0.002" /><testcase classname="tests.test_coverage_boost_zero_percent.TestTemplateManager" name="test_template_manager_list" time="0.003" /><testcase classname="tests.test_coverage_boost_zero_percent.TestTemplateManager" name="test_template_manager_class_exists" time="0.003" /><testcase classname="tests.test_coverage_boost_zero_percent.TestJSONEncoder" name="test_json_encoder_import" time="0.002" /><testcase classname="tests.test_coverage_boost_zero_percent.TestJSONEncoder" name="test_json_encoder_loads_basic" time="0.002" /><testcase classname="tests.test_coverage_boost_zero_percent.TestJSONEncoder" name="test_json_encoder_dumps_basic" time="0.003" /><testcase classname="tests.test_coverage_boost_zero_percent.TestServiceManager" name="test_service_manager_class_exists" time="0.003" /><testcase classname="tests.test_coverage_boost_zero_percent.TestServiceManager" name="test_service_manager_import" time="0.002" /><testcase classname="tests.test_coverage_boost_zero_percent.TestMetricsModule" name="test_metrics_import" time="0.002" /><testcase classname="tests.test_coverage_boost_zero_percent.TestMetricsModule" name="test_metrics_get_system_metrics" time="0.003" /><testcase classname="tests.test_coverage_boost_zero_percent.TestLowCoverageAudioModule" name="test_audio_module_functions" time="0.004"><skipped type="pytest.skip" message="Audio module has import dependencies">D:\Dev\repos\virtualization-mcp\tests\test_coverage_boost_zero_percent.py:126: Audio module has import dependencies</skipped></testcase><testcase classname="tests.test_coverage_boost_zero_percent.TestLowCoverageAudioModule" name="test_audio_module_import" time="0.003"><skipped type="pytest.skip" message="Audio module has import dependencies: No module named 'virtualization_mcp.plugins.base'">D:\Dev\repos\virtualization-mcp\tests\test_coverage_boost_zero_percent.py:115: Audio module has import dependencies: No module named 'virtualization_mcp.plugins.base'</skipped></testcase><testcase classname="tests.test_coverage_boost_zero_percent.TestLowCoverageAPIModules" name="test_api_init_basic_functions" time="0.002" /><testcase classname="tests.test_coverage_boost_zero_percent.TestLowCoverageAPIModules" name="test_api_documentation_import" time="0.002" /><testcase classname="tests.test_coverage_boost_zero_percent.TestLowCoverageAPIModules" name="test_api_init_imports" time="0.004" /></testsuite></testsuites>